[15:56:59] [Server thread/INFO]: Starting minecraft server version 1.12.2
[15:56:59] [Server thread/WARN]: To start the server with more ram, launch it as "java -Xmx1024M -Xms1024M -jar minecraft_server.jar"
[15:56:59] [Server thread/INFO]: Loading properties
[15:56:59] [Server console handler/ERROR]: Exception handling console input
java.io.IOException: Identificador inválido
	at java.io.FileInputStream.readBytes(Native Method) ~[?:1.8.0_281]
	at java.io.FileInputStream.read(Unknown Source) ~[?:1.8.0_281]
	at java.io.BufferedInputStream.read1(Unknown Source) ~[?:1.8.0_281]
	at java.io.BufferedInputStream.read(Unknown Source) ~[?:1.8.0_281]
	at sun.nio.cs.StreamDecoder.readBytes(Unknown Source) ~[?:1.8.0_281]
	at sun.nio.cs.StreamDecoder.implRead(Unknown Source) ~[?:1.8.0_281]
	at sun.nio.cs.StreamDecoder.read(Unknown Source) ~[?:1.8.0_281]
	at java.io.InputStreamReader.read(Unknown Source) ~[?:1.8.0_281]
	at java.io.BufferedReader.fill(Unknown Source) ~[?:1.8.0_281]
	at java.io.BufferedReader.readLine(Unknown Source) ~[?:1.8.0_281]
	at java.io.BufferedReader.readLine(Unknown Source) ~[?:1.8.0_281]
	at nz$2.run(SourceFile:100) [server.jar:?]
[15:56:59] [Server thread/INFO]: Default game type: SURVIVAL
[15:56:59] [Server thread/INFO]: Generating keypair
[15:57:00] [Server thread/INFO]: Starting Minecraft server on *:25565
[15:57:00] [Server thread/INFO]: Using default channel type
[15:57:00] [Server thread/WARN]: **** SERVER IS RUNNING IN OFFLINE/INSECURE MODE!
[15:57:00] [Server thread/WARN]: The server will make no attempt to authenticate usernames. Beware.
[15:57:00] [Server thread/WARN]: While this makes the game possible to play without internet access, it also opens up the ability for hackers to connect with any username they choose.
[15:57:00] [Server thread/WARN]: To change this, set "online-mode" to "true" in the server.properties file.
[15:57:00] [Server thread/INFO]: Preparing level "Kamako village Joaniza"
[15:57:00] [Server thread/INFO]: Loaded 488 advancements
[15:57:00] [Server thread/WARN]: Unable to find spawn biome
[15:57:00] [Server thread/INFO]: Preparing start region for level 0
[15:57:01] [Server thread/INFO]: Preparing spawn area: 12%
[15:57:02] [Server thread/INFO]: Preparing spawn area: 22%
[15:57:03] [Server thread/INFO]: Preparing spawn area: 30%
[15:57:04] [Server thread/INFO]: Preparing spawn area: 40%
[15:57:05] [Server thread/INFO]: Preparing spawn area: 50%
[15:57:06] [Server thread/INFO]: Preparing spawn area: 59%
[15:57:07] [Server thread/INFO]: Preparing spawn area: 69%
[15:57:08] [Server thread/INFO]: Preparing spawn area: 79%
[15:57:09] [Server thread/INFO]: Preparing spawn area: 88%
[15:57:10] [Server thread/INFO]: Preparing spawn area: 99%
[15:57:10] [Server thread/INFO]: Done (10,739s)! For help, type "help" or "?"
[16:00:00] [Server thread/INFO]: BrydZ[/192.168.78.9:60196] logged in with entity id 1899 at (-4.5, 66.0, -60.5)
[16:00:00] [Server thread/INFO]: BrydZ joined the game
[16:00:49] [Server thread/INFO]: BrydZ lost connection: Disconnected
[16:00:49] [Server thread/INFO]: BrydZ left the game
[16:21:22] [Server thread/INFO]: Stopping server
[16:21:22] [Server thread/INFO]: Saving players
[16:21:22] [Server thread/INFO]: Saving worlds
[16:21:22] [Server thread/INFO]: Saving chunks for level 'Kamako village Joaniza'/overworld
[16:21:22] [Server Shutdown Thread/INFO]: Stopping server
[16:21:22] [Server Shutdown Thread/INFO]: Saving players
[16:21:22] [Server Shutdown Thread/INFO]: Saving worlds
[16:21:22] [Server Shutdown Thread/INFO]: Saving chunks for level 'Kamako village Joaniza'/overworld
[16:21:22] [Server Shutdown Thread/INFO]: Saving chunks for level 'Kamako village Joaniza'/the_nether
[16:21:22] [Server thread/INFO]: Saving chunks for level 'Kamako village Joaniza'/the_nether
[16:21:22] [Server Shutdown Thread/INFO]: Saving chunks for level 'Kamako village Joaniza'/the_end
[16:21:22] [Server thread/INFO]: Saving chunks for level 'Kamako village Joaniza'/the_end
